2025-07-16 14:40:40,303 INFO: News Map startup [in /Users/jonasdixon/Desktop/interactive-news-map/src/app.py:24]
2025-07-16 14:40:40,644 INFO: News Map startup [in /Users/jonasdixon/Desktop/interactive-news-map/src/app.py:24]
2025-07-16 14:40:44,704 INFO: Request received for map with filters: date='2025-07-15', source='https://www.nbcnews.com' [in /Users/jonasdixon/Desktop/interactive-news-map/src/app.py:31]
2025-07-16 14:40:44,733 INFO: Found 5 articles matching filters. [in /Users/jonasdixon/Desktop/interactive-news-map/src/app.py:40]
2025-07-16 14:40:49,795 INFO: Request received for map with filters: date='', source='https://www.nbcnews.com' [in /Users/jonasdixon/Desktop/interactive-news-map/src/app.py:31]
2025-07-16 14:40:49,797 INFO: Found 7 articles matching filters. [in /Users/jonasdixon/Desktop/interactive-news-map/src/app.py:40]
2025-07-16 14:40:54,154 INFO: Request received for map with filters: date='', source='' [in /Users/jonasdixon/Desktop/interactive-news-map/src/app.py:31]
2025-07-16 14:40:54,160 INFO: Found 74 articles matching filters. [in /Users/jonasdixon/Desktop/interactive-news-map/src/app.py:40]
2025-07-16 14:40:58,052 INFO: Request received for map with filters: date='2025-07-16', source='' [in /Users/jonasdixon/Desktop/interactive-news-map/src/app.py:31]
2025-07-16 14:40:58,059 INFO: Found 6 articles matching filters. [in /Users/jonasdixon/Desktop/interactive-news-map/src/app.py:40]
2025-07-16 14:41:03,508 INFO: Request received for map with filters: date='2025-07-16', source='https://www.nbcnews.com' [in /Users/jonasdixon/Desktop/interactive-news-map/src/app.py:31]
2025-07-16 14:41:03,511 INFO: Found 2 articles matching filters. [in /Users/jonasdixon/Desktop/interactive-news-map/src/app.py:40]
2025-07-16 14:41:08,198 INFO: Request received for map with filters: date='2025-07-16', source='https://apnews.com' [in /Users/jonasdixon/Desktop/interactive-news-map/src/app.py:31]
2025-07-16 14:41:08,201 INFO: Found 2 articles matching filters. [in /Users/jonasdixon/Desktop/interactive-news-map/src/app.py:40]
2025-07-16 14:41:14,957 INFO: Request received for map with filters: date='2025-07-16', source='https://edition.cnn.com' [in /Users/jonasdixon/Desktop/interactive-news-map/src/app.py:31]
2025-07-16 14:41:14,959 INFO: Found 2 articles matching filters. [in /Users/jonasdixon/Desktop/interactive-news-map/src/app.py:40]
2025-07-16 14:41:21,831 INFO: Request received for map with filters: date='2025-07-16', source='' [in /Users/jonasdixon/Desktop/interactive-news-map/src/app.py:31]
2025-07-16 14:41:21,833 INFO: Found 6 articles matching filters. [in /Users/jonasdixon/Desktop/interactive-news-map/src/app.py:40]
2025-07-16 14:41:23,068 INFO: Request received for map with filters: date='', source='' [in /Users/jonasdixon/Desktop/interactive-news-map/src/app.py:31]
2025-07-16 14:41:23,071 INFO: Found 74 articles matching filters. [in /Users/jonasdixon/Desktop/interactive-news-map/src/app.py:40]
2025-07-16 14:41:34,033 INFO: Request received for map with filters: date='', source='https://edition.cnn.com' [in /Users/jonasdixon/Desktop/interactive-news-map/src/app.py:31]
2025-07-16 14:41:34,037 INFO: Found 16 articles matching filters. [in /Users/jonasdixon/Desktop/interactive-news-map/src/app.py:40]
